{"C:\\Users\\PC\\Desktop\\RIRS\\RIRS\\backend\\schemas\\expense.js": {"path":"C:\\Users\\PC\\Desktop\\RIRS\\RIRS\\backend\\schemas\\expense.js","statementMap":{"0":{"start":{"line":1,"column":17},"end":{"line":1,"column":36}},"1":{"start":{"line":3,"column":22},"end":{"line":10,"column":24}},"2":{"start":{"line":12,"column":0},"end":{"line":12,"column":58}}},"fnMap":{},"branchMap":{},"s":{"0":1,"1":1,"2":1},"f":{},"b":{},"_coverageSchema":"1a1c01bbd47fc00a2c39e90264f33305004495a9","hash":"10b3cac851ce806e7b1624537cffff0c18e67a25"}
,"C:\\Users\\PC\\Desktop\\RIRS\\RIRS\\backend\\schemas\\group.js": {"path":"C:\\Users\\PC\\Desktop\\RIRS\\RIRS\\backend\\schemas\\group.js","statementMap":{"0":{"start":{"line":1,"column":17},"end":{"line":1,"column":36}},"1":{"start":{"line":3,"column":20},"end":{"line":9,"column":1}},"2":{"start":{"line":11,"column":0},"end":{"line":11,"column":54}}},"fnMap":{},"branchMap":{},"s":{"0":1,"1":1,"2":1},"f":{},"b":{},"_coverageSchema":"1a1c01bbd47fc00a2c39e90264f33305004495a9","hash":"75b301ea461b805b5c2960eaf050efd43578f6a2"}
,"C:\\Users\\PC\\Desktop\\RIRS\\RIRS\\backend\\services\\ExpensesService.js": {"path":"C:\\Users\\PC\\Desktop\\RIRS\\RIRS\\backend\\services\\ExpensesService.js","statementMap":{"0":{"start":{"line":1,"column":16},"end":{"line":1,"column":45}},"1":{"start":{"line":7,"column":8},"end":{"line":7,"column":22}},"2":{"start":{"line":11,"column":8},"end":{"line":11,"column":83}},"3":{"start":{"line":15,"column":8},"end":{"line":15,"column":89}},"4":{"start":{"line":19,"column":8},"end":{"line":19,"column":48}},"5":{"start":{"line":23,"column":8},"end":{"line":23,"column":90}},"6":{"start":{"line":27,"column":8},"end":{"line":27,"column":63}},"7":{"start":{"line":31,"column":23},"end":{"line":31,"column":108}},"8":{"start":{"line":32,"column":21},"end":{"line":32,"column":23}},"9":{"start":{"line":33,"column":8},"end":{"line":51,"column":9}},"10":{"start":{"line":34,"column":22},"end":{"line":34,"column":24}},"11":{"start":{"line":35,"column":12},"end":{"line":35,"column":32}},"12":{"start":{"line":36,"column":12},"end":{"line":36,"column":37}},"13":{"start":{"line":37,"column":12},"end":{"line":37,"column":40}},"14":{"start":{"line":38,"column":12},"end":{"line":38,"column":45}},"15":{"start":{"line":39,"column":12},"end":{"line":39,"column":40}},"16":{"start":{"line":40,"column":12},"end":{"line":40,"column":43}},"17":{"start":{"line":41,"column":12},"end":{"line":45,"column":13}},"18":{"start":{"line":42,"column":16},"end":{"line":42,"column":48}},"19":{"start":{"line":44,"column":16},"end":{"line":44,"column":33}},"20":{"start":{"line":46,"column":12},"end":{"line":47,"column":64}},"21":{"start":{"line":47,"column":65},"end":{"line":47,"column":71}},"22":{"start":{"line":48,"column":12},"end":{"line":49,"column":64}},"23":{"start":{"line":50,"column":12},"end":{"line":50,"column":33}},"24":{"start":{"line":52,"column":21},"end":{"line":52,"column":37}},"25":{"start":{"line":53,"column":8},"end":{"line":53,"column":38}},"26":{"start":{"line":57,"column":0},"end":{"line":57,"column":31}}},"fnMap":{"0":{"name":"(anonymous_0)","decl":{"start":{"line":6,"column":4},"end":{"line":6,"column":5}},"loc":{"start":{"line":6,"column":20},"end":{"line":8,"column":5}},"line":6},"1":{"name":"(anonymous_1)","decl":{"start":{"line":10,"column":4},"end":{"line":10,"column":5}},"loc":{"start":{"line":10,"column":42},"end":{"line":12,"column":5}},"line":10},"2":{"name":"(anonymous_2)","decl":{"start":{"line":14,"column":4},"end":{"line":14,"column":5}},"loc":{"start":{"line":14,"column":23},"end":{"line":16,"column":5}},"line":14},"3":{"name":"(anonymous_3)","decl":{"start":{"line":18,"column":4},"end":{"line":18,"column":5}},"loc":{"start":{"line":18,"column":40},"end":{"line":20,"column":5}},"line":18},"4":{"name":"(anonymous_4)","decl":{"start":{"line":22,"column":4},"end":{"line":22,"column":5}},"loc":{"start":{"line":22,"column":36},"end":{"line":24,"column":5}},"line":22},"5":{"name":"(anonymous_5)","decl":{"start":{"line":26,"column":4},"end":{"line":26,"column":5}},"loc":{"start":{"line":26,"column":26},"end":{"line":28,"column":5}},"line":26},"6":{"name":"(anonymous_6)","decl":{"start":{"line":30,"column":4},"end":{"line":30,"column":5}},"loc":{"start":{"line":30,"column":34},"end":{"line":54,"column":5}},"line":30}},"branchMap":{"0":{"loc":{"start":{"line":10,"column":29},"end":{"line":10,"column":40}},"type":"default-arg","locations":[{"start":{"line":10,"column":38},"end":{"line":10,"column":40}}],"line":10},"1":{"loc":{"start":{"line":41,"column":12},"end":{"line":45,"column":13}},"type":"if","locations":[{"start":{"line":41,"column":12},"end":{"line":45,"column":13}},{"start":{"line":43,"column":19},"end":{"line":45,"column":13}}],"line":41}},"s":{"0":1,"1":3,"2":2,"3":1,"4":1,"5":1,"6":1,"7":1,"8":1,"9":1,"10":2,"11":2,"12":2,"13":2,"14":2,"15":2,"16":2,"17":2,"18":1,"19":1,"20":2,"21":2,"22":2,"23":2,"24":1,"25":1,"26":1},"f":{"0":3,"1":2,"2":1,"3":1,"4":1,"5":1,"6":1},"b":{"0":[1],"1":[1,1]},"_coverageSchema":"1a1c01bbd47fc00a2c39e90264f33305004495a9","hash":"cee54b620e3a37dea883d7ef9092f4b9c802481b"}
,"C:\\Users\\PC\\Desktop\\RIRS\\RIRS\\backend\\services\\GroupService.js": {"path":"C:\\Users\\PC\\Desktop\\RIRS\\RIRS\\backend\\services\\GroupService.js","statementMap":{"0":{"start":{"line":1,"column":14},"end":{"line":1,"column":41}},"1":{"start":{"line":7,"column":8},"end":{"line":7,"column":22}},"2":{"start":{"line":11,"column":8},"end":{"line":11,"column":60}},"3":{"start":{"line":15,"column":8},"end":{"line":15,"column":72}},"4":{"start":{"line":19,"column":8},"end":{"line":19,"column":44}},"5":{"start":{"line":23,"column":8},"end":{"line":23,"column":88}},"6":{"start":{"line":27,"column":8},"end":{"line":27,"column":61}},"7":{"start":{"line":31,"column":0},"end":{"line":31,"column":29}}},"fnMap":{"0":{"name":"(anonymous_0)","decl":{"start":{"line":6,"column":4},"end":{"line":6,"column":5}},"loc":{"start":{"line":6,"column":20},"end":{"line":8,"column":5}},"line":6},"1":{"name":"(anonymous_1)","decl":{"start":{"line":10,"column":4},"end":{"line":10,"column":5}},"loc":{"start":{"line":10,"column":29},"end":{"line":12,"column":5}},"line":10},"2":{"name":"(anonymous_2)","decl":{"start":{"line":14,"column":4},"end":{"line":14,"column":5}},"loc":{"start":{"line":14,"column":21},"end":{"line":16,"column":5}},"line":14},"3":{"name":"(anonymous_3)","decl":{"start":{"line":18,"column":4},"end":{"line":18,"column":5}},"loc":{"start":{"line":18,"column":36},"end":{"line":20,"column":5}},"line":18},"4":{"name":"(anonymous_4)","decl":{"start":{"line":22,"column":4},"end":{"line":22,"column":5}},"loc":{"start":{"line":22,"column":34},"end":{"line":24,"column":5}},"line":22},"5":{"name":"(anonymous_5)","decl":{"start":{"line":26,"column":4},"end":{"line":26,"column":5}},"loc":{"start":{"line":26,"column":24},"end":{"line":28,"column":5}},"line":26}},"branchMap":{},"s":{"0":1,"1":3,"2":1,"3":1,"4":1,"5":1,"6":1,"7":1},"f":{"0":3,"1":1,"2":1,"3":1,"4":1,"5":1},"b":{},"_coverageSchema":"1a1c01bbd47fc00a2c39e90264f33305004495a9","hash":"215585816dbded37cc0baf262fa1b37d05d3edd3"}
}
