{"C:\\Users\\PC\\Desktop\\RIRS\\RIRS\\backend\\routes\\groupRouter.js": {"path":"C:\\Users\\PC\\Desktop\\RIRS\\RIRS\\backend\\routes\\groupRouter.js","statementMap":{"0":{"start":{"line":1,"column":16},"end":{"line":1,"column":34}},"1":{"start":{"line":2,"column":14},"end":{"line":2,"column":41}},"2":{"start":{"line":3,"column":21},"end":{"line":3,"column":59}},"3":{"start":{"line":4,"column":12},"end":{"line":4,"column":35}},"4":{"start":{"line":5,"column":19},"end":{"line":5,"column":33}},"5":{"start":{"line":7,"column":15},"end":{"line":7,"column":31}},"6":{"start":{"line":9,"column":26},"end":{"line":18,"column":1}},"7":{"start":{"line":10,"column":16},"end":{"line":10,"column":59}},"8":{"start":{"line":11,"column":2},"end":{"line":11,"column":80}},"9":{"start":{"line":11,"column":14},"end":{"line":11,"column":80}},"10":{"start":{"line":13,"column":2},"end":{"line":17,"column":5}},"11":{"start":{"line":14,"column":4},"end":{"line":14,"column":71}},"12":{"start":{"line":14,"column":13},"end":{"line":14,"column":71}},"13":{"start":{"line":15,"column":4},"end":{"line":15,"column":20}},"14":{"start":{"line":16,"column":4},"end":{"line":16,"column":11}},"15":{"start":{"line":21,"column":0},"end":{"line":28,"column":3}},"16":{"start":{"line":22,"column":2},"end":{"line":27,"column":3}},"17":{"start":{"line":23,"column":19},"end":{"line":23,"column":49}},"18":{"start":{"line":24,"column":4},"end":{"line":24,"column":21}},"19":{"start":{"line":26,"column":4},"end":{"line":26,"column":51}},"20":{"start":{"line":31,"column":0},"end":{"line":39,"column":3}},"21":{"start":{"line":32,"column":2},"end":{"line":38,"column":3}},"22":{"start":{"line":33,"column":18},"end":{"line":33,"column":62}},"23":{"start":{"line":34,"column":4},"end":{"line":34,"column":76}},"24":{"start":{"line":34,"column":16},"end":{"line":34,"column":76}},"25":{"start":{"line":35,"column":4},"end":{"line":35,"column":20}},"26":{"start":{"line":37,"column":4},"end":{"line":37,"column":51}},"27":{"start":{"line":42,"column":0},"end":{"line":49,"column":3}},"28":{"start":{"line":43,"column":2},"end":{"line":48,"column":3}},"29":{"start":{"line":44,"column":18},"end":{"line":44,"column":52}},"30":{"start":{"line":45,"column":4},"end":{"line":45,"column":32}},"31":{"start":{"line":47,"column":4},"end":{"line":47,"column":51}},"32":{"start":{"line":52,"column":0},"end":{"line":61,"column":3}},"33":{"start":{"line":53,"column":2},"end":{"line":60,"column":3}},"34":{"start":{"line":54,"column":25},"end":{"line":54,"column":80}},"35":{"start":{"line":55,"column":4},"end":{"line":56,"column":66}},"36":{"start":{"line":56,"column":6},"end":{"line":56,"column":66}},"37":{"start":{"line":57,"column":4},"end":{"line":57,"column":27}},"38":{"start":{"line":59,"column":4},"end":{"line":59,"column":51}},"39":{"start":{"line":64,"column":0},"end":{"line":74,"column":3}},"40":{"start":{"line":65,"column":2},"end":{"line":73,"column":3}},"41":{"start":{"line":66,"column":25},"end":{"line":66,"column":56}},"42":{"start":{"line":67,"column":4},"end":{"line":67,"column":36}},"43":{"start":{"line":68,"column":4},"end":{"line":69,"column":66}},"44":{"start":{"line":69,"column":6},"end":{"line":69,"column":66}},"45":{"start":{"line":70,"column":4},"end":{"line":70,"column":43}},"46":{"start":{"line":72,"column":4},"end":{"line":72,"column":51}},"47":{"start":{"line":77,"column":0},"end":{"line":86,"column":3}},"48":{"start":{"line":78,"column":2},"end":{"line":85,"column":3}},"49":{"start":{"line":79,"column":16},"end":{"line":79,"column":70}},"50":{"start":{"line":80,"column":4},"end":{"line":80,"column":46}},"51":{"start":{"line":81,"column":4},"end":{"line":81,"column":78}},"52":{"start":{"line":82,"column":4},"end":{"line":82,"column":18}},"53":{"start":{"line":84,"column":4},"end":{"line":84,"column":51}},"54":{"start":{"line":88,"column":0},"end":{"line":88,"column":24}}},"fnMap":{"0":{"name":"(anonymous_0)","decl":{"start":{"line":9,"column":26},"end":{"line":9,"column":27}},"loc":{"start":{"line":9,"column":46},"end":{"line":18,"column":1}},"line":9},"1":{"name":"(anonymous_1)","decl":{"start":{"line":13,"column":32},"end":{"line":13,"column":33}},"loc":{"start":{"line":13,"column":47},"end":{"line":17,"column":3}},"line":13},"2":{"name":"(anonymous_2)","decl":{"start":{"line":21,"column":36},"end":{"line":21,"column":37}},"loc":{"start":{"line":21,"column":56},"end":{"line":28,"column":1}},"line":21},"3":{"name":"(anonymous_3)","decl":{"start":{"line":31,"column":38},"end":{"line":31,"column":39}},"loc":{"start":{"line":31,"column":58},"end":{"line":39,"column":1}},"line":31},"4":{"name":"(anonymous_4)","decl":{"start":{"line":42,"column":36},"end":{"line":42,"column":37}},"loc":{"start":{"line":42,"column":56},"end":{"line":49,"column":1}},"line":42},"5":{"name":"(anonymous_5)","decl":{"start":{"line":52,"column":38},"end":{"line":52,"column":39}},"loc":{"start":{"line":52,"column":58},"end":{"line":61,"column":1}},"line":52},"6":{"name":"(anonymous_6)","decl":{"start":{"line":64,"column":41},"end":{"line":64,"column":42}},"loc":{"start":{"line":64,"column":61},"end":{"line":74,"column":1}},"line":64},"7":{"name":"(anonymous_7)","decl":{"start":{"line":77,"column":28},"end":{"line":77,"column":29}},"loc":{"start":{"line":77,"column":48},"end":{"line":86,"column":1}},"line":77}},"branchMap":{"0":{"loc":{"start":{"line":11,"column":2},"end":{"line":11,"column":80}},"type":"if","locations":[{"start":{"line":11,"column":2},"end":{"line":11,"column":80}},{"start":{},"end":{}}],"line":11},"1":{"loc":{"start":{"line":14,"column":4},"end":{"line":14,"column":71}},"type":"if","locations":[{"start":{"line":14,"column":4},"end":{"line":14,"column":71}},{"start":{},"end":{}}],"line":14},"2":{"loc":{"start":{"line":34,"column":4},"end":{"line":34,"column":76}},"type":"if","locations":[{"start":{"line":34,"column":4},"end":{"line":34,"column":76}},{"start":{},"end":{}}],"line":34},"3":{"loc":{"start":{"line":55,"column":4},"end":{"line":56,"column":66}},"type":"if","locations":[{"start":{"line":55,"column":4},"end":{"line":56,"column":66}},{"start":{},"end":{}}],"line":55},"4":{"loc":{"start":{"line":68,"column":4},"end":{"line":69,"column":66}},"type":"if","locations":[{"start":{"line":68,"column":4},"end":{"line":69,"column":66}},{"start":{},"end":{}}],"line":68}},"s":{"0":1,"1":1,"2":1,"3":1,"4":1,"5":1,"6":1,"7":0,"8":0,"9":0,"10":0,"11":0,"12":0,"13":0,"14":0,"15":1,"16":0,"17":0,"18":0,"19":0,"20":1,"21":0,"22":0,"23":0,"24":0,"25":0,"26":0,"27":1,"28":0,"29":0,"30":0,"31":0,"32":1,"33":0,"34":0,"35":0,"36":0,"37":0,"38":0,"39":1,"40":0,"41":0,"42":0,"43":0,"44":0,"45":0,"46":0,"47":1,"48":2,"49":2,"50":1,"51":1,"52":1,"53":1,"54":1},"f":{"0":0,"1":0,"2":0,"3":0,"4":0,"5":0,"6":0,"7":2},"b":{"0":[0,0],"1":[0,0],"2":[0,0],"3":[0,0],"4":[0,0]},"_coverageSchema":"1a1c01bbd47fc00a2c39e90264f33305004495a9","hash":"5bcbd16e249b5161e6f3cd127640b52186cb91ff"}
,"C:\\Users\\PC\\Desktop\\RIRS\\RIRS\\backend\\routes\\managerRouter.js": {"path":"C:\\Users\\PC\\Desktop\\RIRS\\RIRS\\backend\\routes\\managerRouter.js","statementMap":{"0":{"start":{"line":1,"column":16},"end":{"line":1,"column":34}},"1":{"start":{"line":2,"column":15},"end":{"line":2,"column":31}},"2":{"start":{"line":3,"column":12},"end":{"line":3,"column":35}},"3":{"start":{"line":5,"column":19},"end":{"line":5,"column":33}},"4":{"start":{"line":8,"column":20},"end":{"line":8,"column":54}},"5":{"start":{"line":9,"column":23},"end":{"line":9,"column":61}},"6":{"start":{"line":11,"column":23},"end":{"line":24,"column":1}},"7":{"start":{"line":12,"column":18},"end":{"line":12,"column":61}},"8":{"start":{"line":13,"column":4},"end":{"line":13,"column":82}},"9":{"start":{"line":13,"column":16},"end":{"line":13,"column":82}},"10":{"start":{"line":15,"column":4},"end":{"line":23,"column":7}},"11":{"start":{"line":16,"column":8},"end":{"line":16,"column":75}},"12":{"start":{"line":16,"column":17},"end":{"line":16,"column":75}},"13":{"start":{"line":17,"column":8},"end":{"line":17,"column":24}},"14":{"start":{"line":18,"column":8},"end":{"line":22,"column":9}},"15":{"start":{"line":19,"column":12},"end":{"line":19,"column":94}},"16":{"start":{"line":21,"column":12},"end":{"line":21,"column":19}},"17":{"start":{"line":26,"column":37},"end":{"line":39,"column":1}},"18":{"start":{"line":27,"column":18},"end":{"line":27,"column":34}},"19":{"start":{"line":28,"column":4},"end":{"line":28,"column":82}},"20":{"start":{"line":28,"column":16},"end":{"line":28,"column":82}},"21":{"start":{"line":30,"column":4},"end":{"line":38,"column":7}},"22":{"start":{"line":31,"column":8},"end":{"line":31,"column":75}},"23":{"start":{"line":31,"column":17},"end":{"line":31,"column":75}},"24":{"start":{"line":32,"column":8},"end":{"line":32,"column":24}},"25":{"start":{"line":33,"column":8},"end":{"line":37,"column":9}},"26":{"start":{"line":34,"column":12},"end":{"line":34,"column":94}},"27":{"start":{"line":36,"column":12},"end":{"line":36,"column":19}},"28":{"start":{"line":40,"column":0},"end":{"line":47,"column":3}},"29":{"start":{"line":41,"column":4},"end":{"line":46,"column":5}},"30":{"start":{"line":42,"column":26},"end":{"line":42,"column":72}},"31":{"start":{"line":43,"column":8},"end":{"line":43,"column":28}},"32":{"start":{"line":45,"column":8},"end":{"line":45,"column":55}},"33":{"start":{"line":49,"column":0},"end":{"line":56,"column":3}},"34":{"start":{"line":50,"column":4},"end":{"line":55,"column":5}},"35":{"start":{"line":51,"column":25},"end":{"line":51,"column":99}},"36":{"start":{"line":52,"column":8},"end":{"line":52,"column":27}},"37":{"start":{"line":54,"column":8},"end":{"line":54,"column":55}},"38":{"start":{"line":58,"column":0},"end":{"line":66,"column":3}},"39":{"start":{"line":59,"column":4},"end":{"line":65,"column":5}},"40":{"start":{"line":60,"column":25},"end":{"line":61,"column":53}},"41":{"start":{"line":62,"column":8},"end":{"line":62,"column":27}},"42":{"start":{"line":64,"column":8},"end":{"line":64,"column":55}},"43":{"start":{"line":68,"column":0},"end":{"line":77,"column":3}},"44":{"start":{"line":69,"column":4},"end":{"line":76,"column":5}},"45":{"start":{"line":70,"column":24},"end":{"line":72,"column":9}},"46":{"start":{"line":73,"column":8},"end":{"line":73,"column":26}},"47":{"start":{"line":75,"column":8},"end":{"line":75,"column":55}},"48":{"start":{"line":79,"column":0},"end":{"line":91,"column":3}},"49":{"start":{"line":80,"column":4},"end":{"line":90,"column":5}},"50":{"start":{"line":81,"column":24},"end":{"line":83,"column":14}},"51":{"start":{"line":84,"column":20},"end":{"line":84,"column":56}},"52":{"start":{"line":85,"column":8},"end":{"line":85,"column":47}},"53":{"start":{"line":86,"column":8},"end":{"line":86,"column":39}},"54":{"start":{"line":87,"column":8},"end":{"line":87,"column":29}},"55":{"start":{"line":89,"column":8},"end":{"line":89,"column":55}},"56":{"start":{"line":93,"column":0},"end":{"line":102,"column":3}},"57":{"start":{"line":94,"column":4},"end":{"line":101,"column":5}},"58":{"start":{"line":95,"column":20},"end":{"line":95,"column":61}},"59":{"start":{"line":96,"column":8},"end":{"line":96,"column":50}},"60":{"start":{"line":97,"column":8},"end":{"line":97,"column":82}},"61":{"start":{"line":98,"column":8},"end":{"line":98,"column":22}},"62":{"start":{"line":100,"column":8},"end":{"line":100,"column":55}},"63":{"start":{"line":104,"column":0},"end":{"line":104,"column":24}}},"fnMap":{"0":{"name":"(anonymous_0)","decl":{"start":{"line":11,"column":23},"end":{"line":11,"column":24}},"loc":{"start":{"line":11,"column":49},"end":{"line":24,"column":1}},"line":11},"1":{"name":"(anonymous_1)","decl":{"start":{"line":15,"column":34},"end":{"line":15,"column":35}},"loc":{"start":{"line":15,"column":49},"end":{"line":23,"column":5}},"line":15},"2":{"name":"(anonymous_2)","decl":{"start":{"line":26,"column":37},"end":{"line":26,"column":38}},"loc":{"start":{"line":26,"column":63},"end":{"line":39,"column":1}},"line":26},"3":{"name":"(anonymous_3)","decl":{"start":{"line":30,"column":34},"end":{"line":30,"column":35}},"loc":{"start":{"line":30,"column":49},"end":{"line":38,"column":5}},"line":30},"4":{"name":"(anonymous_4)","decl":{"start":{"line":40,"column":32},"end":{"line":40,"column":33}},"loc":{"start":{"line":40,"column":52},"end":{"line":47,"column":1}},"line":40},"5":{"name":"(anonymous_5)","decl":{"start":{"line":49,"column":46},"end":{"line":49,"column":47}},"loc":{"start":{"line":49,"column":66},"end":{"line":56,"column":1}},"line":49},"6":{"name":"(anonymous_6)","decl":{"start":{"line":58,"column":46},"end":{"line":58,"column":47}},"loc":{"start":{"line":58,"column":66},"end":{"line":66,"column":1}},"line":58},"7":{"name":"(anonymous_7)","decl":{"start":{"line":68,"column":47},"end":{"line":68,"column":48}},"loc":{"start":{"line":68,"column":67},"end":{"line":77,"column":1}},"line":68},"8":{"name":"(anonymous_8)","decl":{"start":{"line":79,"column":72},"end":{"line":79,"column":73}},"loc":{"start":{"line":79,"column":92},"end":{"line":91,"column":1}},"line":79},"9":{"name":"(anonymous_9)","decl":{"start":{"line":93,"column":44},"end":{"line":93,"column":45}},"loc":{"start":{"line":93,"column":64},"end":{"line":102,"column":1}},"line":93}},"branchMap":{"0":{"loc":{"start":{"line":13,"column":4},"end":{"line":13,"column":82}},"type":"if","locations":[{"start":{"line":13,"column":4},"end":{"line":13,"column":82}},{"start":{},"end":{}}],"line":13},"1":{"loc":{"start":{"line":16,"column":8},"end":{"line":16,"column":75}},"type":"if","locations":[{"start":{"line":16,"column":8},"end":{"line":16,"column":75}},{"start":{},"end":{}}],"line":16},"2":{"loc":{"start":{"line":18,"column":8},"end":{"line":22,"column":9}},"type":"if","locations":[{"start":{"line":18,"column":8},"end":{"line":22,"column":9}},{"start":{"line":20,"column":15},"end":{"line":22,"column":9}}],"line":18},"3":{"loc":{"start":{"line":28,"column":4},"end":{"line":28,"column":82}},"type":"if","locations":[{"start":{"line":28,"column":4},"end":{"line":28,"column":82}},{"start":{},"end":{}}],"line":28},"4":{"loc":{"start":{"line":31,"column":8},"end":{"line":31,"column":75}},"type":"if","locations":[{"start":{"line":31,"column":8},"end":{"line":31,"column":75}},{"start":{},"end":{}}],"line":31},"5":{"loc":{"start":{"line":33,"column":8},"end":{"line":37,"column":9}},"type":"if","locations":[{"start":{"line":33,"column":8},"end":{"line":37,"column":9}},{"start":{"line":35,"column":15},"end":{"line":37,"column":9}}],"line":33}},"s":{"0":1,"1":1,"2":1,"3":1,"4":1,"5":1,"6":1,"7":5,"8":5,"9":1,"10":4,"11":4,"12":1,"13":3,"14":3,"15":1,"16":2,"17":1,"18":0,"19":0,"20":0,"21":0,"22":0,"23":0,"24":0,"25":0,"26":0,"27":0,"28":1,"29":0,"30":0,"31":0,"32":0,"33":1,"34":0,"35":0,"36":0,"37":0,"38":1,"39":0,"40":0,"41":0,"42":0,"43":1,"44":0,"45":0,"46":0,"47":0,"48":1,"49":0,"50":0,"51":0,"52":0,"53":0,"54":0,"55":0,"56":1,"57":2,"58":2,"59":1,"60":1,"61":1,"62":1,"63":1},"f":{"0":5,"1":4,"2":0,"3":0,"4":0,"5":0,"6":0,"7":0,"8":0,"9":2},"b":{"0":[1,4],"1":[1,3],"2":[1,2],"3":[0,0],"4":[0,0],"5":[0,0]},"_coverageSchema":"1a1c01bbd47fc00a2c39e90264f33305004495a9","hash":"e56866957fc7e0d1fdaf4267cdd31d89b4d16f69"}
,"C:\\Users\\PC\\Desktop\\RIRS\\RIRS\\backend\\routes\\userRouter.js": {"path":"C:\\Users\\PC\\Desktop\\RIRS\\RIRS\\backend\\routes\\userRouter.js","statementMap":{"0":{"start":{"line":1,"column":16},"end":{"line":1,"column":34}},"1":{"start":{"line":2,"column":13},"end":{"line":2,"column":39}},"2":{"start":{"line":3,"column":15},"end":{"line":3,"column":31}},"3":{"start":{"line":4,"column":15},"end":{"line":4,"column":32}},"4":{"start":{"line":5,"column":15},"end":{"line":5,"column":34}},"5":{"start":{"line":6,"column":12},"end":{"line":6,"column":35}},"6":{"start":{"line":7,"column":20},"end":{"line":7,"column":54}},"7":{"start":{"line":10,"column":19},"end":{"line":10,"column":33}},"8":{"start":{"line":12,"column":26},"end":{"line":21,"column":1}},"9":{"start":{"line":13,"column":16},"end":{"line":13,"column":59}},"10":{"start":{"line":14,"column":2},"end":{"line":14,"column":80}},"11":{"start":{"line":14,"column":14},"end":{"line":14,"column":80}},"12":{"start":{"line":16,"column":2},"end":{"line":20,"column":5}},"13":{"start":{"line":17,"column":4},"end":{"line":17,"column":71}},"14":{"start":{"line":17,"column":13},"end":{"line":17,"column":71}},"15":{"start":{"line":18,"column":4},"end":{"line":18,"column":20}},"16":{"start":{"line":19,"column":4},"end":{"line":19,"column":11}},"17":{"start":{"line":24,"column":0},"end":{"line":31,"column":3}},"18":{"start":{"line":25,"column":2},"end":{"line":30,"column":3}},"19":{"start":{"line":26,"column":18},"end":{"line":26,"column":35}},"20":{"start":{"line":27,"column":4},"end":{"line":27,"column":20}},"21":{"start":{"line":29,"column":4},"end":{"line":29,"column":51}},"22":{"start":{"line":34,"column":0},"end":{"line":42,"column":3}},"23":{"start":{"line":35,"column":2},"end":{"line":41,"column":3}},"24":{"start":{"line":36,"column":17},"end":{"line":36,"column":51}},"25":{"start":{"line":37,"column":4},"end":{"line":37,"column":74}},"26":{"start":{"line":37,"column":15},"end":{"line":37,"column":74}},"27":{"start":{"line":38,"column":4},"end":{"line":38,"column":19}},"28":{"start":{"line":40,"column":4},"end":{"line":40,"column":51}},"29":{"start":{"line":45,"column":0},"end":{"line":74,"column":3}},"30":{"start":{"line":46,"column":25},"end":{"line":46,"column":33}},"31":{"start":{"line":49,"column":16},"end":{"line":49,"column":71}},"32":{"start":{"line":52,"column":24},"end":{"line":52,"column":60}},"33":{"start":{"line":55,"column":21},"end":{"line":55,"column":23}},"34":{"start":{"line":56,"column":2},"end":{"line":73,"column":3}},"35":{"start":{"line":57,"column":27},"end":{"line":57,"column":71}},"36":{"start":{"line":59,"column":17},"end":{"line":64,"column":6}},"37":{"start":{"line":66,"column":20},"end":{"line":66,"column":37}},"38":{"start":{"line":67,"column":4},"end":{"line":70,"column":7}},"39":{"start":{"line":72,"column":4},"end":{"line":72,"column":51}},"40":{"start":{"line":77,"column":0},"end":{"line":100,"column":3}},"41":{"start":{"line":78,"column":30},"end":{"line":78,"column":38}},"42":{"start":{"line":80,"column":2},"end":{"line":99,"column":3}},"43":{"start":{"line":81,"column":17},"end":{"line":81,"column":46}},"44":{"start":{"line":82,"column":4},"end":{"line":82,"column":74}},"45":{"start":{"line":82,"column":15},"end":{"line":82,"column":74}},"46":{"start":{"line":84,"column":28},"end":{"line":84,"column":73}},"47":{"start":{"line":85,"column":4},"end":{"line":86,"column":70}},"48":{"start":{"line":86,"column":6},"end":{"line":86,"column":70}},"49":{"start":{"line":88,"column":18},"end":{"line":90,"column":6}},"50":{"start":{"line":91,"column":4},"end":{"line":91,"column":53}},"51":{"start":{"line":93,"column":4},"end":{"line":96,"column":7}},"52":{"start":{"line":98,"column":4},"end":{"line":98,"column":51}},"53":{"start":{"line":106,"column":0},"end":{"line":108,"column":3}},"54":{"start":{"line":107,"column":2},"end":{"line":107,"column":69}},"55":{"start":{"line":111,"column":0},"end":{"line":122,"column":3}},"56":{"start":{"line":112,"column":2},"end":{"line":121,"column":3}},"57":{"start":{"line":113,"column":24},"end":{"line":115,"column":6}},"58":{"start":{"line":116,"column":4},"end":{"line":117,"column":65}},"59":{"start":{"line":117,"column":6},"end":{"line":117,"column":65}},"60":{"start":{"line":118,"column":4},"end":{"line":118,"column":26}},"61":{"start":{"line":120,"column":4},"end":{"line":120,"column":51}},"62":{"start":{"line":125,"column":0},"end":{"line":134,"column":3}},"63":{"start":{"line":126,"column":2},"end":{"line":133,"column":3}},"64":{"start":{"line":127,"column":24},"end":{"line":127,"column":67}},"65":{"start":{"line":128,"column":4},"end":{"line":129,"column":65}},"66":{"start":{"line":129,"column":6},"end":{"line":129,"column":65}},"67":{"start":{"line":130,"column":4},"end":{"line":130,"column":42}},"68":{"start":{"line":132,"column":4},"end":{"line":132,"column":51}},"69":{"start":{"line":137,"column":0},"end":{"line":146,"column":3}},"70":{"start":{"line":138,"column":2},"end":{"line":145,"column":3}},"71":{"start":{"line":139,"column":21},"end":{"line":139,"column":73}},"72":{"start":{"line":140,"column":4},"end":{"line":140,"column":46}},"73":{"start":{"line":141,"column":4},"end":{"line":141,"column":78}},"74":{"start":{"line":142,"column":4},"end":{"line":142,"column":23}},"75":{"start":{"line":144,"column":4},"end":{"line":144,"column":51}},"76":{"start":{"line":149,"column":0},"end":{"line":149,"column":24}}},"fnMap":{"0":{"name":"(anonymous_0)","decl":{"start":{"line":12,"column":26},"end":{"line":12,"column":27}},"loc":{"start":{"line":12,"column":46},"end":{"line":21,"column":1}},"line":12},"1":{"name":"(anonymous_1)","decl":{"start":{"line":16,"column":32},"end":{"line":16,"column":33}},"loc":{"start":{"line":16,"column":47},"end":{"line":20,"column":3}},"line":16},"2":{"name":"(anonymous_2)","decl":{"start":{"line":24,"column":35},"end":{"line":24,"column":36}},"loc":{"start":{"line":24,"column":55},"end":{"line":31,"column":1}},"line":24},"3":{"name":"(anonymous_3)","decl":{"start":{"line":34,"column":38},"end":{"line":34,"column":39}},"loc":{"start":{"line":34,"column":58},"end":{"line":42,"column":1}},"line":34},"4":{"name":"(anonymous_4)","decl":{"start":{"line":45,"column":36},"end":{"line":45,"column":37}},"loc":{"start":{"line":45,"column":56},"end":{"line":74,"column":1}},"line":45},"5":{"name":"(anonymous_5)","decl":{"start":{"line":77,"column":22},"end":{"line":77,"column":23}},"loc":{"start":{"line":77,"column":42},"end":{"line":100,"column":1}},"line":77},"6":{"name":"(anonymous_6)","decl":{"start":{"line":106,"column":44},"end":{"line":106,"column":45}},"loc":{"start":{"line":106,"column":58},"end":{"line":108,"column":1}},"line":106},"7":{"name":"(anonymous_7)","decl":{"start":{"line":111,"column":38},"end":{"line":111,"column":39}},"loc":{"start":{"line":111,"column":58},"end":{"line":122,"column":1}},"line":111},"8":{"name":"(anonymous_8)","decl":{"start":{"line":125,"column":41},"end":{"line":125,"column":42}},"loc":{"start":{"line":125,"column":61},"end":{"line":134,"column":1}},"line":125},"9":{"name":"(anonymous_9)","decl":{"start":{"line":137,"column":28},"end":{"line":137,"column":29}},"loc":{"start":{"line":137,"column":48},"end":{"line":146,"column":1}},"line":137}},"branchMap":{"0":{"loc":{"start":{"line":14,"column":2},"end":{"line":14,"column":80}},"type":"if","locations":[{"start":{"line":14,"column":2},"end":{"line":14,"column":80}},{"start":{},"end":{}}],"line":14},"1":{"loc":{"start":{"line":17,"column":4},"end":{"line":17,"column":71}},"type":"if","locations":[{"start":{"line":17,"column":4},"end":{"line":17,"column":71}},{"start":{},"end":{}}],"line":17},"2":{"loc":{"start":{"line":37,"column":4},"end":{"line":37,"column":74}},"type":"if","locations":[{"start":{"line":37,"column":4},"end":{"line":37,"column":74}},{"start":{},"end":{}}],"line":37},"3":{"loc":{"start":{"line":82,"column":4},"end":{"line":82,"column":74}},"type":"if","locations":[{"start":{"line":82,"column":4},"end":{"line":82,"column":74}},{"start":{},"end":{}}],"line":82},"4":{"loc":{"start":{"line":85,"column":4},"end":{"line":86,"column":70}},"type":"if","locations":[{"start":{"line":85,"column":4},"end":{"line":86,"column":70}},{"start":{},"end":{}}],"line":85},"5":{"loc":{"start":{"line":116,"column":4},"end":{"line":117,"column":65}},"type":"if","locations":[{"start":{"line":116,"column":4},"end":{"line":117,"column":65}},{"start":{},"end":{}}],"line":116},"6":{"loc":{"start":{"line":128,"column":4},"end":{"line":129,"column":65}},"type":"if","locations":[{"start":{"line":128,"column":4},"end":{"line":129,"column":65}},{"start":{},"end":{}}],"line":128}},"s":{"0":1,"1":1,"2":1,"3":1,"4":1,"5":1,"6":1,"7":1,"8":1,"9":0,"10":0,"11":0,"12":0,"13":0,"14":0,"15":0,"16":0,"17":1,"18":0,"19":0,"20":0,"21":0,"22":1,"23":0,"24":0,"25":0,"26":0,"27":0,"28":0,"29":1,"30":0,"31":0,"32":0,"33":0,"34":0,"35":0,"36":0,"37":0,"38":0,"39":0,"40":1,"41":0,"42":0,"43":0,"44":0,"45":0,"46":0,"47":0,"48":0,"49":0,"50":0,"51":0,"52":0,"53":1,"54":0,"55":1,"56":0,"57":0,"58":0,"59":0,"60":0,"61":0,"62":1,"63":0,"64":0,"65":0,"66":0,"67":0,"68":0,"69":1,"70":2,"71":2,"72":1,"73":1,"74":1,"75":1,"76":1},"f":{"0":0,"1":0,"2":0,"3":0,"4":0,"5":0,"6":0,"7":0,"8":0,"9":2},"b":{"0":[0,0],"1":[0,0],"2":[0,0],"3":[0,0],"4":[0,0],"5":[0,0],"6":[0,0]},"_coverageSchema":"1a1c01bbd47fc00a2c39e90264f33305004495a9","hash":"99339f2a5d44057e5ff283a8f44256e1cfe9325a"}
,"C:\\Users\\PC\\Desktop\\RIRS\\RIRS\\backend\\schemas\\expense.js": {"path":"C:\\Users\\PC\\Desktop\\RIRS\\RIRS\\backend\\schemas\\expense.js","statementMap":{"0":{"start":{"line":1,"column":17},"end":{"line":1,"column":36}},"1":{"start":{"line":3,"column":22},"end":{"line":10,"column":24}},"2":{"start":{"line":12,"column":0},"end":{"line":12,"column":58}}},"fnMap":{},"branchMap":{},"s":{"0":5,"1":5,"2":5},"f":{},"b":{},"_coverageSchema":"1a1c01bbd47fc00a2c39e90264f33305004495a9","hash":"10b3cac851ce806e7b1624537cffff0c18e67a25"}
,"C:\\Users\\PC\\Desktop\\RIRS\\RIRS\\backend\\schemas\\group.js": {"path":"C:\\Users\\PC\\Desktop\\RIRS\\RIRS\\backend\\schemas\\group.js","statementMap":{"0":{"start":{"line":1,"column":17},"end":{"line":1,"column":36}},"1":{"start":{"line":3,"column":20},"end":{"line":9,"column":1}},"2":{"start":{"line":11,"column":0},"end":{"line":11,"column":54}}},"fnMap":{},"branchMap":{},"s":{"0":3,"1":3,"2":3},"f":{},"b":{},"_coverageSchema":"1a1c01bbd47fc00a2c39e90264f33305004495a9","hash":"75b301ea461b805b5c2960eaf050efd43578f6a2"}
,"C:\\Users\\PC\\Desktop\\RIRS\\RIRS\\backend\\schemas\\user.js": {"path":"C:\\Users\\PC\\Desktop\\RIRS\\RIRS\\backend\\schemas\\user.js","statementMap":{"0":{"start":{"line":1,"column":17},"end":{"line":1,"column":36}},"1":{"start":{"line":3,"column":19},"end":{"line":20,"column":1}},"2":{"start":{"line":22,"column":0},"end":{"line":22,"column":52}}},"fnMap":{},"branchMap":{},"s":{"0":3,"1":3,"2":3},"f":{},"b":{},"_coverageSchema":"1a1c01bbd47fc00a2c39e90264f33305004495a9","hash":"a99cb44ba9478cdf00730a70b4650754428b33cb"}
,"C:\\Users\\PC\\Desktop\\RIRS\\RIRS\\backend\\services\\ExpensesService.js": {"path":"C:\\Users\\PC\\Desktop\\RIRS\\RIRS\\backend\\services\\ExpensesService.js","statementMap":{"0":{"start":{"line":1,"column":16},"end":{"line":1,"column":45}},"1":{"start":{"line":7,"column":8},"end":{"line":7,"column":22}},"2":{"start":{"line":11,"column":8},"end":{"line":11,"column":83}},"3":{"start":{"line":15,"column":8},"end":{"line":15,"column":89}},"4":{"start":{"line":19,"column":8},"end":{"line":19,"column":48}},"5":{"start":{"line":23,"column":8},"end":{"line":23,"column":90}},"6":{"start":{"line":27,"column":8},"end":{"line":27,"column":63}},"7":{"start":{"line":31,"column":23},"end":{"line":31,"column":108}},"8":{"start":{"line":32,"column":21},"end":{"line":32,"column":23}},"9":{"start":{"line":33,"column":8},"end":{"line":51,"column":9}},"10":{"start":{"line":34,"column":22},"end":{"line":34,"column":24}},"11":{"start":{"line":35,"column":12},"end":{"line":35,"column":32}},"12":{"start":{"line":36,"column":12},"end":{"line":36,"column":37}},"13":{"start":{"line":37,"column":12},"end":{"line":37,"column":40}},"14":{"start":{"line":38,"column":12},"end":{"line":38,"column":45}},"15":{"start":{"line":39,"column":12},"end":{"line":39,"column":40}},"16":{"start":{"line":40,"column":12},"end":{"line":40,"column":43}},"17":{"start":{"line":41,"column":12},"end":{"line":45,"column":13}},"18":{"start":{"line":42,"column":16},"end":{"line":42,"column":48}},"19":{"start":{"line":44,"column":16},"end":{"line":44,"column":33}},"20":{"start":{"line":46,"column":12},"end":{"line":47,"column":64}},"21":{"start":{"line":47,"column":65},"end":{"line":47,"column":71}},"22":{"start":{"line":48,"column":12},"end":{"line":49,"column":64}},"23":{"start":{"line":50,"column":12},"end":{"line":50,"column":33}},"24":{"start":{"line":52,"column":21},"end":{"line":52,"column":37}},"25":{"start":{"line":53,"column":8},"end":{"line":53,"column":38}},"26":{"start":{"line":57,"column":0},"end":{"line":57,"column":31}}},"fnMap":{"0":{"name":"(anonymous_0)","decl":{"start":{"line":6,"column":4},"end":{"line":6,"column":5}},"loc":{"start":{"line":6,"column":20},"end":{"line":8,"column":5}},"line":6},"1":{"name":"(anonymous_1)","decl":{"start":{"line":10,"column":4},"end":{"line":10,"column":5}},"loc":{"start":{"line":10,"column":42},"end":{"line":12,"column":5}},"line":10},"2":{"name":"(anonymous_2)","decl":{"start":{"line":14,"column":4},"end":{"line":14,"column":5}},"loc":{"start":{"line":14,"column":23},"end":{"line":16,"column":5}},"line":14},"3":{"name":"(anonymous_3)","decl":{"start":{"line":18,"column":4},"end":{"line":18,"column":5}},"loc":{"start":{"line":18,"column":40},"end":{"line":20,"column":5}},"line":18},"4":{"name":"(anonymous_4)","decl":{"start":{"line":22,"column":4},"end":{"line":22,"column":5}},"loc":{"start":{"line":22,"column":36},"end":{"line":24,"column":5}},"line":22},"5":{"name":"(anonymous_5)","decl":{"start":{"line":26,"column":4},"end":{"line":26,"column":5}},"loc":{"start":{"line":26,"column":26},"end":{"line":28,"column":5}},"line":26},"6":{"name":"(anonymous_6)","decl":{"start":{"line":30,"column":4},"end":{"line":30,"column":5}},"loc":{"start":{"line":30,"column":34},"end":{"line":54,"column":5}},"line":30}},"branchMap":{"0":{"loc":{"start":{"line":10,"column":29},"end":{"line":10,"column":40}},"type":"default-arg","locations":[{"start":{"line":10,"column":38},"end":{"line":10,"column":40}}],"line":10},"1":{"loc":{"start":{"line":41,"column":12},"end":{"line":45,"column":13}},"type":"if","locations":[{"start":{"line":41,"column":12},"end":{"line":45,"column":13}},{"start":{"line":43,"column":19},"end":{"line":45,"column":13}}],"line":41}},"s":{"0":2,"1":3,"2":2,"3":1,"4":1,"5":1,"6":1,"7":0,"8":0,"9":0,"10":0,"11":0,"12":0,"13":0,"14":0,"15":0,"16":0,"17":0,"18":0,"19":0,"20":0,"21":0,"22":0,"23":0,"24":0,"25":0,"26":2},"f":{"0":3,"1":2,"2":1,"3":1,"4":1,"5":1,"6":0},"b":{"0":[1],"1":[0,0]},"_coverageSchema":"1a1c01bbd47fc00a2c39e90264f33305004495a9","hash":"cee54b620e3a37dea883d7ef9092f4b9c802481b"}
,"C:\\Users\\PC\\Desktop\\RIRS\\RIRS\\backend\\services\\GroupService.js": {"path":"C:\\Users\\PC\\Desktop\\RIRS\\RIRS\\backend\\services\\GroupService.js","statementMap":{"0":{"start":{"line":1,"column":14},"end":{"line":1,"column":41}},"1":{"start":{"line":2,"column":16},"end":{"line":2,"column":45}},"2":{"start":{"line":8,"column":8},"end":{"line":8,"column":22}},"3":{"start":{"line":12,"column":8},"end":{"line":12,"column":60}},"4":{"start":{"line":16,"column":8},"end":{"line":16,"column":72}},"5":{"start":{"line":20,"column":8},"end":{"line":20,"column":44}},"6":{"start":{"line":24,"column":8},"end":{"line":24,"column":88}},"7":{"start":{"line":28,"column":8},"end":{"line":28,"column":61}},"8":{"start":{"line":32,"column":8},"end":{"line":42,"column":9}},"9":{"start":{"line":33,"column":27},"end":{"line":33,"column":85}},"10":{"start":{"line":34,"column":22},"end":{"line":34,"column":84}},"11":{"start":{"line":35,"column":12},"end":{"line":37,"column":13}},"12":{"start":{"line":36,"column":16},"end":{"line":36,"column":171}},"13":{"start":{"line":38,"column":12},"end":{"line":38,"column":23}},"14":{"start":{"line":40,"column":12},"end":{"line":40,"column":72}},"15":{"start":{"line":41,"column":12},"end":{"line":41,"column":20}},"16":{"start":{"line":46,"column":0},"end":{"line":46,"column":29}}},"fnMap":{"0":{"name":"(anonymous_0)","decl":{"start":{"line":7,"column":4},"end":{"line":7,"column":5}},"loc":{"start":{"line":7,"column":20},"end":{"line":9,"column":5}},"line":7},"1":{"name":"(anonymous_1)","decl":{"start":{"line":11,"column":4},"end":{"line":11,"column":5}},"loc":{"start":{"line":11,"column":29},"end":{"line":13,"column":5}},"line":11},"2":{"name":"(anonymous_2)","decl":{"start":{"line":15,"column":4},"end":{"line":15,"column":5}},"loc":{"start":{"line":15,"column":21},"end":{"line":17,"column":5}},"line":15},"3":{"name":"(anonymous_3)","decl":{"start":{"line":19,"column":4},"end":{"line":19,"column":5}},"loc":{"start":{"line":19,"column":36},"end":{"line":21,"column":5}},"line":19},"4":{"name":"(anonymous_4)","decl":{"start":{"line":23,"column":4},"end":{"line":23,"column":5}},"loc":{"start":{"line":23,"column":34},"end":{"line":25,"column":5}},"line":23},"5":{"name":"(anonymous_5)","decl":{"start":{"line":27,"column":4},"end":{"line":27,"column":5}},"loc":{"start":{"line":27,"column":24},"end":{"line":29,"column":5}},"line":27},"6":{"name":"(anonymous_6)","decl":{"start":{"line":31,"column":4},"end":{"line":31,"column":5}},"loc":{"start":{"line":31,"column":49},"end":{"line":43,"column":5}},"line":31}},"branchMap":{"0":{"loc":{"start":{"line":36,"column":85},"end":{"line":36,"column":124}},"type":"cond-expr","locations":[{"start":{"line":36,"column":101},"end":{"line":36,"column":119}},{"start":{"line":36,"column":122},"end":{"line":36,"column":124}}],"line":36}},"s":{"0":2,"1":2,"2":3,"3":1,"4":1,"5":1,"6":1,"7":1,"8":1,"9":1,"10":1,"11":1,"12":2,"13":1,"14":0,"15":0,"16":2},"f":{"0":3,"1":1,"2":1,"3":1,"4":1,"5":1,"6":1},"b":{"0":[2,0]},"_coverageSchema":"1a1c01bbd47fc00a2c39e90264f33305004495a9","hash":"5f5c496217c2196a740c10c861b44b1220f04302"}
,"C:\\Users\\PC\\Desktop\\RIRS\\RIRS\\backend\\services\\UserService.js": {"path":"C:\\Users\\PC\\Desktop\\RIRS\\RIRS\\backend\\services\\UserService.js","statementMap":{"0":{"start":{"line":1,"column":13},"end":{"line":1,"column":39}},"1":{"start":{"line":2,"column":16},"end":{"line":2,"column":45}},"2":{"start":{"line":3,"column":17},"end":{"line":3,"column":51}},"3":{"start":{"line":8,"column":8},"end":{"line":43,"column":9}},"4":{"start":{"line":9,"column":30},"end":{"line":9,"column":39}},"5":{"start":{"line":10,"column":26},"end":{"line":10,"column":70}},"6":{"start":{"line":11,"column":22},"end":{"line":11,"column":24}},"7":{"start":{"line":12,"column":12},"end":{"line":30,"column":13}},"8":{"start":{"line":13,"column":16},"end":{"line":13,"column":36}},"9":{"start":{"line":14,"column":16},"end":{"line":14,"column":36}},"10":{"start":{"line":15,"column":16},"end":{"line":15,"column":35}},"11":{"start":{"line":16,"column":16},"end":{"line":29,"column":17}},"12":{"start":{"line":31,"column":27},"end":{"line":31,"column":83}},"13":{"start":{"line":32,"column":12},"end":{"line":38,"column":13}},"14":{"start":{"line":33,"column":27},"end":{"line":33,"column":65}},"15":{"start":{"line":34,"column":16},"end":{"line":34,"column":43}},"16":{"start":{"line":35,"column":16},"end":{"line":35,"column":60}},"17":{"start":{"line":36,"column":16},"end":{"line":36,"column":50}},"18":{"start":{"line":37,"column":16},"end":{"line":37,"column":33}},"19":{"start":{"line":39,"column":12},"end":{"line":39,"column":51}},"20":{"start":{"line":41,"column":12},"end":{"line":41,"column":72}},"21":{"start":{"line":42,"column":12},"end":{"line":42,"column":20}},"22":{"start":{"line":46,"column":8},"end":{"line":56,"column":9}},"23":{"start":{"line":47,"column":27},"end":{"line":47,"column":61}},"24":{"start":{"line":48,"column":22},"end":{"line":48,"column":73}},"25":{"start":{"line":49,"column":12},"end":{"line":51,"column":13}},"26":{"start":{"line":50,"column":16},"end":{"line":50,"column":151}},"27":{"start":{"line":52,"column":12},"end":{"line":52,"column":23}},"28":{"start":{"line":54,"column":12},"end":{"line":54,"column":67}},"29":{"start":{"line":55,"column":12},"end":{"line":55,"column":20}},"30":{"start":{"line":62,"column":8},"end":{"line":72,"column":9}},"31":{"start":{"line":63,"column":27},"end":{"line":63,"column":83}},"32":{"start":{"line":64,"column":22},"end":{"line":64,"column":84}},"33":{"start":{"line":65,"column":12},"end":{"line":67,"column":13}},"34":{"start":{"line":66,"column":16},"end":{"line":66,"column":192}},"35":{"start":{"line":68,"column":12},"end":{"line":68,"column":23}},"36":{"start":{"line":70,"column":12},"end":{"line":70,"column":72}},"37":{"start":{"line":71,"column":12},"end":{"line":71,"column":20}},"38":{"start":{"line":76,"column":0},"end":{"line":76,"column":29}}},"fnMap":{"0":{"name":"(anonymous_0)","decl":{"start":{"line":7,"column":4},"end":{"line":7,"column":5}},"loc":{"start":{"line":7,"column":46},"end":{"line":44,"column":5}},"line":7},"1":{"name":"(anonymous_1)","decl":{"start":{"line":45,"column":4},"end":{"line":45,"column":5}},"loc":{"start":{"line":45,"column":41},"end":{"line":57,"column":5}},"line":45},"2":{"name":"(anonymous_2)","decl":{"start":{"line":61,"column":4},"end":{"line":61,"column":5}},"loc":{"start":{"line":61,"column":48},"end":{"line":73,"column":5}},"line":61}},"branchMap":{"0":{"loc":{"start":{"line":66,"column":106},"end":{"line":66,"column":145}},"type":"cond-expr","locations":[{"start":{"line":66,"column":122},"end":{"line":66,"column":140}},{"start":{"line":66,"column":143},"end":{"line":66,"column":145}}],"line":66}},"s":{"0":2,"1":2,"2":2,"3":0,"4":0,"5":0,"6":0,"7":0,"8":0,"9":0,"10":0,"11":0,"12":0,"13":0,"14":0,"15":0,"16":0,"17":0,"18":0,"19":0,"20":0,"21":0,"22":1,"23":1,"24":1,"25":1,"26":2,"27":1,"28":0,"29":0,"30":0,"31":0,"32":0,"33":0,"34":0,"35":0,"36":0,"37":0,"38":2},"f":{"0":0,"1":1,"2":0},"b":{"0":[0,0]},"_coverageSchema":"1a1c01bbd47fc00a2c39e90264f33305004495a9","hash":"a7fc36a22eee56c94227ad24627245f14111e65b"}
}
